<?xml version="1.0" encoding="UTF-8"?>
<testng-results skipped="0" failed="0" ignored="0" total="1" passed="1">
  <reporter-output>
  </reporter-output>
  <suite name="Default suite" duration-ms="5114" started-at="2021-07-13T11:23:03 CDT" finished-at="2021-07-13T11:23:08 CDT">
    <groups>
    </groups>
    <test name="Default test" duration-ms="5114" started-at="2021-07-13T11:23:03 CDT" finished-at="2021-07-13T11:23:08 CDT">
      <class name="test.MonthDropDownTest">
        <test-method status="PASS" signature="check_moth_dropdown()[pri:0, instance:test.MonthDropDownTest@17579e0f]" name="check_moth_dropdown" duration-ms="3628" started-at="2021-07-13T11:23:03 CDT" finished-at="2021-07-13T11:23:07 CDT">
          <reporter-output>
          </reporter-output>
        </test-method> <!-- check_moth_dropdown -->
        <test-method status="PASS" signature="tearDown()[pri:0, instance:test.MonthDropDownTest@17579e0f]" name="tearDown" is-config="true" duration-ms="1439" started-at="2021-07-13T11:23:07 CDT" finished-at="2021-07-13T11:23:08 CDT">
          <reporter-output>
          </reporter-output>
        </test-method> <!-- tearDown -->
      </class> <!-- test.MonthDropDownTest -->
    </test> <!-- Default test -->
  </suite> <!-- Default suite -->
</testng-results>
